[2025-11-08T03:51:07.186+0000] {local_task_job_runner.py:120} INFO - ::group::Pre task execution logs
[2025-11-08T03:51:07.206+0000] {taskinstance.py:2076} INFO - Dependencies all met for dep_context=non-requeueable deps ti=<TaskInstance: minio_to_snowflake_banking.load_snowflake scheduled__2025-11-08T03:50:00+00:00 [queued]>
[2025-11-08T03:51:07.213+0000] {taskinstance.py:2076} INFO - Dependencies all met for dep_context=requeueable deps ti=<TaskInstance: minio_to_snowflake_banking.load_snowflake scheduled__2025-11-08T03:50:00+00:00 [queued]>
[2025-11-08T03:51:07.216+0000] {taskinstance.py:2306} INFO - Starting attempt 1 of 2
[2025-11-08T03:51:07.225+0000] {taskinstance.py:2330} INFO - Executing <Task(PythonOperator): load_snowflake> on 2025-11-08 03:50:00+00:00
[2025-11-08T03:51:07.232+0000] {standard_task_runner.py:90} INFO - Running: ['***', 'tasks', 'run', 'minio_to_snowflake_banking', 'load_snowflake', 'scheduled__2025-11-08T03:50:00+00:00', '--job-id', '193', '--raw', '--subdir', 'DAGS_FOLDER/minio_to_snowflake_dag.py', '--cfg-path', '/tmp/tmpf2jr4krf']
[2025-11-08T03:51:07.235+0000] {logging_mixin.py:188} WARNING - /home/***/.local/lib/python3.12/site-packages/***/task/task_runner/standard_task_runner.py:62 DeprecationWarning: This process (pid=8380) is multi-threaded, use of fork() may lead to deadlocks in the child.
[2025-11-08T03:51:07.236+0000] {standard_task_runner.py:91} INFO - Job 193: Subtask load_snowflake
[2025-11-08T03:51:07.236+0000] {standard_task_runner.py:64} INFO - Started process 8402 to run task
[2025-11-08T03:51:07.302+0000] {task_command.py:426} INFO - Running <TaskInstance: minio_to_snowflake_banking.load_snowflake scheduled__2025-11-08T03:50:00+00:00 [running]> on host e2f2320a0cce
[2025-11-08T03:51:07.373+0000] {taskinstance.py:2648} INFO - Exporting env vars: AIRFLOW_CTX_DAG_OWNER='***' AIRFLOW_CTX_DAG_ID='minio_to_snowflake_banking' AIRFLOW_CTX_TASK_ID='load_snowflake' AIRFLOW_CTX_EXECUTION_DATE='2025-11-08T03:50:00+00:00' AIRFLOW_CTX_TRY_NUMBER='1' AIRFLOW_CTX_DAG_RUN_ID='scheduled__2025-11-08T03:50:00+00:00'
[2025-11-08T03:51:07.375+0000] {taskinstance.py:430} INFO - ::endgroup::
[2025-11-08T03:51:07.393+0000] {connection.py:521} INFO - Snowflake Connector for Python Version: 3.18.0, Python Version: 3.12.4, Platform: Linux-6.6.87.1-microsoft-standard-WSL2-x86_64-with-glibc2.36
[2025-11-08T03:51:07.394+0000] {connection.py:1464} INFO - Connecting to GLOBAL Snowflake domain
[2025-11-08T03:51:09.182+0000] {logging_mixin.py:188} INFO - Uploaded /tmp/minio_downloads/customers_213947603707.parquet -> @customers stage
[2025-11-08T03:51:09.528+0000] {logging_mixin.py:188} INFO - Data loaded into customers
[2025-11-08T03:51:09.822+0000] {logging_mixin.py:188} INFO - Uploaded /tmp/minio_downloads/accounts_213948294129.parquet -> @accounts stage
[2025-11-08T03:51:10.123+0000] {logging_mixin.py:188} INFO - Uploaded /tmp/minio_downloads/accounts_213948396102.parquet -> @accounts stage
[2025-11-08T03:51:10.416+0000] {logging_mixin.py:188} INFO - Data loaded into accounts
[2025-11-08T03:51:10.684+0000] {logging_mixin.py:188} INFO - Uploaded /tmp/minio_downloads/transactions_213947756704.parquet -> @transactions stage
[2025-11-08T03:51:10.943+0000] {logging_mixin.py:188} INFO - Uploaded /tmp/minio_downloads/transactions_213947904458.parquet -> @transactions stage
[2025-11-08T03:51:11.258+0000] {logging_mixin.py:188} INFO - Uploaded /tmp/minio_downloads/transactions_213948008740.parquet -> @transactions stage
[2025-11-08T03:51:11.538+0000] {logging_mixin.py:188} INFO - Uploaded /tmp/minio_downloads/transactions_213948108205.parquet -> @transactions stage
[2025-11-08T03:51:11.767+0000] {logging_mixin.py:188} INFO - Uploaded /tmp/minio_downloads/transactions_213948218065.parquet -> @transactions stage
[2025-11-08T03:51:12.020+0000] {logging_mixin.py:188} INFO - Data loaded into transactions
[2025-11-08T03:51:12.188+0000] {python.py:237} INFO - Done. Returned value was: None
[2025-11-08T03:51:12.189+0000] {taskinstance.py:441} INFO - ::group::Post task execution logs
[2025-11-08T03:51:12.197+0000] {taskinstance.py:1206} INFO - Marking task as SUCCESS. dag_id=minio_to_snowflake_banking, task_id=load_snowflake, run_id=scheduled__2025-11-08T03:50:00+00:00, execution_date=20251108T035000, start_date=20251108T035107, end_date=20251108T035112
[2025-11-08T03:51:12.233+0000] {local_task_job_runner.py:243} INFO - Task exited with return code 0
[2025-11-08T03:51:12.251+0000] {taskinstance.py:3503} INFO - 0 downstream tasks scheduled from follow-on schedule check
[2025-11-08T03:51:12.254+0000] {local_task_job_runner.py:222} INFO - ::endgroup::
