[2025-11-07T18:07:06.919+0000] {local_task_job_runner.py:120} INFO - ::group::Pre task execution logs
[2025-11-07T18:07:06.943+0000] {taskinstance.py:2076} INFO - Dependencies all met for dep_context=non-requeueable deps ti=<TaskInstance: minio_to_snowflake_banking.load_snowflake scheduled__2025-11-07T18:06:00+00:00 [queued]>
[2025-11-07T18:07:06.951+0000] {taskinstance.py:2076} INFO - Dependencies all met for dep_context=requeueable deps ti=<TaskInstance: minio_to_snowflake_banking.load_snowflake scheduled__2025-11-07T18:06:00+00:00 [queued]>
[2025-11-07T18:07:06.952+0000] {taskinstance.py:2306} INFO - Starting attempt 1 of 2
[2025-11-07T18:07:06.964+0000] {taskinstance.py:2330} INFO - Executing <Task(PythonOperator): load_snowflake> on 2025-11-07 18:06:00+00:00
[2025-11-07T18:07:06.972+0000] {standard_task_runner.py:90} INFO - Running: ['***', 'tasks', 'run', 'minio_to_snowflake_banking', 'load_snowflake', 'scheduled__2025-11-07T18:06:00+00:00', '--job-id', '15', '--raw', '--subdir', 'DAGS_FOLDER/minio_to_snowflake_dag.py', '--cfg-path', '/tmp/tmpjwt5z45t']
[2025-11-07T18:07:06.975+0000] {logging_mixin.py:188} WARNING - /home/***/.local/lib/python3.12/site-packages/***/task/task_runner/standard_task_runner.py:62 DeprecationWarning: This process (pid=1074) is multi-threaded, use of fork() may lead to deadlocks in the child.
[2025-11-07T18:07:06.975+0000] {standard_task_runner.py:91} INFO - Job 15: Subtask load_snowflake
[2025-11-07T18:07:06.976+0000] {standard_task_runner.py:64} INFO - Started process 1096 to run task
[2025-11-07T18:07:07.051+0000] {task_command.py:426} INFO - Running <TaskInstance: minio_to_snowflake_banking.load_snowflake scheduled__2025-11-07T18:06:00+00:00 [running]> on host e2f2320a0cce
[2025-11-07T18:07:07.129+0000] {taskinstance.py:2648} INFO - Exporting env vars: AIRFLOW_CTX_DAG_OWNER='***' AIRFLOW_CTX_DAG_ID='minio_to_snowflake_banking' AIRFLOW_CTX_TASK_ID='load_snowflake' AIRFLOW_CTX_EXECUTION_DATE='2025-11-07T18:06:00+00:00' AIRFLOW_CTX_TRY_NUMBER='1' AIRFLOW_CTX_DAG_RUN_ID='scheduled__2025-11-07T18:06:00+00:00'
[2025-11-07T18:07:07.131+0000] {taskinstance.py:430} INFO - ::endgroup::
[2025-11-07T18:07:07.151+0000] {connection.py:521} INFO - Snowflake Connector for Python Version: 3.18.0, Python Version: 3.12.4, Platform: Linux-6.6.87.1-microsoft-standard-WSL2-x86_64-with-glibc2.36
[2025-11-07T18:07:07.152+0000] {connection.py:1464} INFO - Connecting to GLOBAL Snowflake domain
[2025-11-07T18:07:08.953+0000] {logging_mixin.py:188} INFO - Uploaded /tmp/minio_downloads/customers_213947603707.parquet -> @customers stage
[2025-11-07T18:07:09.725+0000] {logging_mixin.py:188} INFO - Data loaded into customers
[2025-11-07T18:07:10.040+0000] {logging_mixin.py:188} INFO - Uploaded /tmp/minio_downloads/accounts_213948294129.parquet -> @accounts stage
[2025-11-07T18:07:10.330+0000] {logging_mixin.py:188} INFO - Uploaded /tmp/minio_downloads/accounts_213948396102.parquet -> @accounts stage
[2025-11-07T18:07:10.650+0000] {logging_mixin.py:188} INFO - Data loaded into accounts
[2025-11-07T18:07:10.940+0000] {logging_mixin.py:188} INFO - Uploaded /tmp/minio_downloads/transactions_213947756704.parquet -> @transactions stage
[2025-11-07T18:07:11.234+0000] {logging_mixin.py:188} INFO - Uploaded /tmp/minio_downloads/transactions_213947904458.parquet -> @transactions stage
[2025-11-07T18:07:11.505+0000] {logging_mixin.py:188} INFO - Uploaded /tmp/minio_downloads/transactions_213948008740.parquet -> @transactions stage
[2025-11-07T18:07:11.791+0000] {logging_mixin.py:188} INFO - Uploaded /tmp/minio_downloads/transactions_213948108205.parquet -> @transactions stage
[2025-11-07T18:07:12.025+0000] {logging_mixin.py:188} INFO - Uploaded /tmp/minio_downloads/transactions_213948218065.parquet -> @transactions stage
[2025-11-07T18:07:12.288+0000] {logging_mixin.py:188} INFO - Data loaded into transactions
[2025-11-07T18:07:12.455+0000] {python.py:237} INFO - Done. Returned value was: None
[2025-11-07T18:07:12.457+0000] {taskinstance.py:441} INFO - ::group::Post task execution logs
[2025-11-07T18:07:12.466+0000] {taskinstance.py:1206} INFO - Marking task as SUCCESS. dag_id=minio_to_snowflake_banking, task_id=load_snowflake, run_id=scheduled__2025-11-07T18:06:00+00:00, execution_date=20251107T180600, start_date=20251107T180706, end_date=20251107T180712
[2025-11-07T18:07:12.493+0000] {local_task_job_runner.py:243} INFO - Task exited with return code 0
[2025-11-07T18:07:12.506+0000] {taskinstance.py:3503} INFO - 0 downstream tasks scheduled from follow-on schedule check
[2025-11-07T18:07:12.508+0000] {local_task_job_runner.py:222} INFO - ::endgroup::
