[2025-11-08T02:46:06.689+0000] {local_task_job_runner.py:120} INFO - ::group::Pre task execution logs
[2025-11-08T02:46:06.712+0000] {taskinstance.py:2076} INFO - Dependencies all met for dep_context=non-requeueable deps ti=<TaskInstance: minio_to_snowflake_banking.load_snowflake scheduled__2025-11-08T02:45:00+00:00 [queued]>
[2025-11-08T02:46:06.719+0000] {taskinstance.py:2076} INFO - Dependencies all met for dep_context=requeueable deps ti=<TaskInstance: minio_to_snowflake_banking.load_snowflake scheduled__2025-11-08T02:45:00+00:00 [queued]>
[2025-11-08T02:46:06.720+0000] {taskinstance.py:2306} INFO - Starting attempt 1 of 2
[2025-11-08T02:46:06.730+0000] {taskinstance.py:2330} INFO - Executing <Task(PythonOperator): load_snowflake> on 2025-11-08 02:45:00+00:00
[2025-11-08T02:46:06.737+0000] {standard_task_runner.py:90} INFO - Running: ['***', 'tasks', 'run', 'minio_to_snowflake_banking', 'load_snowflake', 'scheduled__2025-11-08T02:45:00+00:00', '--job-id', '61', '--raw', '--subdir', 'DAGS_FOLDER/minio_to_snowflake_dag.py', '--cfg-path', '/tmp/tmpvsv586ik']
[2025-11-08T02:46:06.740+0000] {logging_mixin.py:188} WARNING - /home/***/.local/lib/python3.12/site-packages/***/task/task_runner/standard_task_runner.py:62 DeprecationWarning: This process (pid=2933) is multi-threaded, use of fork() may lead to deadlocks in the child.
[2025-11-08T02:46:06.740+0000] {standard_task_runner.py:91} INFO - Job 61: Subtask load_snowflake
[2025-11-08T02:46:06.741+0000] {standard_task_runner.py:64} INFO - Started process 2955 to run task
[2025-11-08T02:46:06.829+0000] {task_command.py:426} INFO - Running <TaskInstance: minio_to_snowflake_banking.load_snowflake scheduled__2025-11-08T02:45:00+00:00 [running]> on host e2f2320a0cce
[2025-11-08T02:46:06.916+0000] {taskinstance.py:2648} INFO - Exporting env vars: AIRFLOW_CTX_DAG_OWNER='***' AIRFLOW_CTX_DAG_ID='minio_to_snowflake_banking' AIRFLOW_CTX_TASK_ID='load_snowflake' AIRFLOW_CTX_EXECUTION_DATE='2025-11-08T02:45:00+00:00' AIRFLOW_CTX_TRY_NUMBER='1' AIRFLOW_CTX_DAG_RUN_ID='scheduled__2025-11-08T02:45:00+00:00'
[2025-11-08T02:46:06.918+0000] {taskinstance.py:430} INFO - ::endgroup::
[2025-11-08T02:46:06.939+0000] {connection.py:521} INFO - Snowflake Connector for Python Version: 3.18.0, Python Version: 3.12.4, Platform: Linux-6.6.87.1-microsoft-standard-WSL2-x86_64-with-glibc2.36
[2025-11-08T02:46:06.941+0000] {connection.py:1464} INFO - Connecting to GLOBAL Snowflake domain
[2025-11-08T02:46:08.689+0000] {logging_mixin.py:188} INFO - Uploaded /tmp/minio_downloads/customers_213947603707.parquet -> @customers stage
[2025-11-08T02:46:09.051+0000] {logging_mixin.py:188} INFO - Data loaded into customers
[2025-11-08T02:46:09.365+0000] {logging_mixin.py:188} INFO - Uploaded /tmp/minio_downloads/accounts_213948294129.parquet -> @accounts stage
[2025-11-08T02:46:09.641+0000] {logging_mixin.py:188} INFO - Uploaded /tmp/minio_downloads/accounts_213948396102.parquet -> @accounts stage
[2025-11-08T02:46:09.926+0000] {logging_mixin.py:188} INFO - Data loaded into accounts
[2025-11-08T02:46:10.194+0000] {logging_mixin.py:188} INFO - Uploaded /tmp/minio_downloads/transactions_213947756704.parquet -> @transactions stage
[2025-11-08T02:46:10.467+0000] {logging_mixin.py:188} INFO - Uploaded /tmp/minio_downloads/transactions_213947904458.parquet -> @transactions stage
[2025-11-08T02:46:10.753+0000] {logging_mixin.py:188} INFO - Uploaded /tmp/minio_downloads/transactions_213948008740.parquet -> @transactions stage
[2025-11-08T02:46:11.028+0000] {logging_mixin.py:188} INFO - Uploaded /tmp/minio_downloads/transactions_213948108205.parquet -> @transactions stage
[2025-11-08T02:46:11.286+0000] {logging_mixin.py:188} INFO - Uploaded /tmp/minio_downloads/transactions_213948218065.parquet -> @transactions stage
[2025-11-08T02:46:11.565+0000] {logging_mixin.py:188} INFO - Data loaded into transactions
[2025-11-08T02:46:11.719+0000] {python.py:237} INFO - Done. Returned value was: None
[2025-11-08T02:46:11.720+0000] {taskinstance.py:441} INFO - ::group::Post task execution logs
[2025-11-08T02:46:11.729+0000] {taskinstance.py:1206} INFO - Marking task as SUCCESS. dag_id=minio_to_snowflake_banking, task_id=load_snowflake, run_id=scheduled__2025-11-08T02:45:00+00:00, execution_date=20251108T024500, start_date=20251108T024606, end_date=20251108T024611
[2025-11-08T02:46:11.765+0000] {local_task_job_runner.py:243} INFO - Task exited with return code 0
[2025-11-08T02:46:11.777+0000] {taskinstance.py:3503} INFO - 0 downstream tasks scheduled from follow-on schedule check
[2025-11-08T02:46:11.779+0000] {local_task_job_runner.py:222} INFO - ::endgroup::
