[2025-11-08T03:42:33.911+0000] {local_task_job_runner.py:120} INFO - ::group::Pre task execution logs
[2025-11-08T03:42:33.935+0000] {taskinstance.py:2076} INFO - Dependencies all met for dep_context=non-requeueable deps ti=<TaskInstance: SCD2_snapshots.dbt_run_marts scheduled__2025-11-07T00:00:00+00:00 [queued]>
[2025-11-08T03:42:33.942+0000] {taskinstance.py:2076} INFO - Dependencies all met for dep_context=requeueable deps ti=<TaskInstance: SCD2_snapshots.dbt_run_marts scheduled__2025-11-07T00:00:00+00:00 [queued]>
[2025-11-08T03:42:33.947+0000] {taskinstance.py:2306} INFO - Starting attempt 1 of 2
[2025-11-08T03:42:33.958+0000] {taskinstance.py:2330} INFO - Executing <Task(BashOperator): dbt_run_marts> on 2025-11-07 00:00:00+00:00
[2025-11-08T03:42:33.961+0000] {standard_task_runner.py:64} INFO - Started process 7559 to run task
[2025-11-08T03:42:33.963+0000] {standard_task_runner.py:90} INFO - Running: ['***', 'tasks', 'run', 'SCD2_snapshots', 'dbt_run_marts', 'scheduled__2025-11-07T00:00:00+00:00', '--job-id', '174', '--raw', '--subdir', 'DAGS_FOLDER/scd_snapshots.py', '--cfg-path', '/tmp/tmpo07g_it7']
[2025-11-08T03:42:33.965+0000] {standard_task_runner.py:91} INFO - Job 174: Subtask dbt_run_marts
[2025-11-08T03:42:34.034+0000] {task_command.py:426} INFO - Running <TaskInstance: SCD2_snapshots.dbt_run_marts scheduled__2025-11-07T00:00:00+00:00 [running]> on host e2f2320a0cce
[2025-11-08T03:42:34.112+0000] {taskinstance.py:2648} INFO - Exporting env vars: AIRFLOW_CTX_DAG_OWNER='***' AIRFLOW_CTX_DAG_ID='SCD2_snapshots' AIRFLOW_CTX_TASK_ID='dbt_run_marts' AIRFLOW_CTX_EXECUTION_DATE='2025-11-07T00:00:00+00:00' AIRFLOW_CTX_TRY_NUMBER='1' AIRFLOW_CTX_DAG_RUN_ID='scheduled__2025-11-07T00:00:00+00:00'
[2025-11-08T03:42:34.114+0000] {taskinstance.py:430} INFO - ::endgroup::
[2025-11-08T03:42:34.127+0000] {subprocess.py:63} INFO - Tmp dir root location: /tmp
[2025-11-08T03:42:34.129+0000] {subprocess.py:75} INFO - Running command: ['/usr/bin/bash', '-c', 'cd /opt/***/banking_dbt && dbt run --select marts --profiles-dir /home/***/.dbt']
[2025-11-08T03:42:34.141+0000] {subprocess.py:86} INFO - Output:
[2025-11-08T03:42:36.523+0000] {subprocess.py:93} INFO - [0m03:42:36  Running with dbt=1.10.13
[2025-11-08T03:42:37.394+0000] {subprocess.py:93} INFO - [0m03:42:37  Registered adapter: snowflake=1.10.3
[2025-11-08T03:42:37.653+0000] {subprocess.py:93} INFO - [0m03:42:37  Unable to do partial parsing because a project config has changed
[2025-11-08T03:42:39.661+0000] {subprocess.py:93} INFO - [0m03:42:39  [[33mWARNING[0m]: Configuration paths exist in your dbt_project.yml file which do not apply to any resources.
[2025-11-08T03:42:39.663+0000] {subprocess.py:93} INFO - There are 1 unused configuration paths:
[2025-11-08T03:42:39.664+0000] {subprocess.py:93} INFO - - models.banking_dbt.example
[2025-11-08T03:42:40.145+0000] {subprocess.py:93} INFO - [0m03:42:40  Found 6 models, 2 snapshots, 3 sources, 496 macros
[2025-11-08T03:42:40.152+0000] {subprocess.py:93} INFO - [0m03:42:40
[2025-11-08T03:42:40.154+0000] {subprocess.py:93} INFO - [0m03:42:40  Concurrency: 4 threads (target='dev')
[2025-11-08T03:42:40.158+0000] {subprocess.py:93} INFO - [0m03:42:40
[2025-11-08T03:42:41.867+0000] {subprocess.py:93} INFO - [0m03:42:41  1 of 3 START sql table model analytics.dim_accounts ............................ [RUN]
[2025-11-08T03:42:41.869+0000] {subprocess.py:93} INFO - [0m03:42:41  2 of 3 START sql table model analytics.dim_customers ........................... [RUN]
[2025-11-08T03:42:41.870+0000] {subprocess.py:93} INFO - [0m03:42:41  3 of 3 START sql incremental model analytics.fact_transactions ................. [RUN]
[2025-11-08T03:42:42.611+0000] {subprocess.py:93} INFO - [0m03:42:42  1 of 3 OK created sql table model analytics.dim_accounts ....................... [[32mSUCCESS 1[0m in 0.72s]
[2025-11-08T03:42:42.615+0000] {subprocess.py:93} INFO - [0m03:42:42  2 of 3 OK created sql table model analytics.dim_customers ...................... [[32mSUCCESS 1[0m in 0.73s]
[2025-11-08T03:42:44.584+0000] {subprocess.py:93} INFO - [0m03:42:44  3 of 3 OK created sql incremental model analytics.fact_transactions ............ [[32mSUCCESS 250[0m in 2.70s]
[2025-11-08T03:42:45.088+0000] {subprocess.py:93} INFO - [0m03:42:45
[2025-11-08T03:42:45.093+0000] {subprocess.py:93} INFO - [0m03:42:45  Finished running 1 incremental model, 2 table models in 0 hours 0 minutes and 4.93 seconds (4.93s).
[2025-11-08T03:42:45.378+0000] {subprocess.py:93} INFO - [0m03:42:45
[2025-11-08T03:42:45.381+0000] {subprocess.py:93} INFO - [0m03:42:45  [32mCompleted successfully[0m
[2025-11-08T03:42:45.386+0000] {subprocess.py:93} INFO - [0m03:42:45
[2025-11-08T03:42:45.395+0000] {subprocess.py:93} INFO - [0m03:42:45  Done. PASS=3 WARN=0 ERROR=0 SKIP=0 NO-OP=0 TOTAL=3
[2025-11-08T03:42:47.142+0000] {subprocess.py:97} INFO - Command exited with return code 0
[2025-11-08T03:42:47.143+0000] {taskinstance.py:441} INFO - ::group::Post task execution logs
[2025-11-08T03:42:47.165+0000] {taskinstance.py:1206} INFO - Marking task as SUCCESS. dag_id=SCD2_snapshots, task_id=dbt_run_marts, run_id=scheduled__2025-11-07T00:00:00+00:00, execution_date=20251107T000000, start_date=20251108T034233, end_date=20251108T034247
[2025-11-08T03:42:47.208+0000] {local_task_job_runner.py:243} INFO - Task exited with return code 0
[2025-11-08T03:42:47.221+0000] {taskinstance.py:3503} INFO - 0 downstream tasks scheduled from follow-on schedule check
[2025-11-08T03:42:47.223+0000] {local_task_job_runner.py:222} INFO - ::endgroup::
