[2025-11-07T18:07:03.151+0000] {local_task_job_runner.py:120} INFO - ::group::Pre task execution logs
[2025-11-07T18:07:03.174+0000] {taskinstance.py:2076} INFO - Dependencies all met for dep_context=non-requeueable deps ti=<TaskInstance: minio_to_snowflake_banking.download_minio scheduled__2025-11-07T18:06:00+00:00 [queued]>
[2025-11-07T18:07:03.181+0000] {taskinstance.py:2076} INFO - Dependencies all met for dep_context=requeueable deps ti=<TaskInstance: minio_to_snowflake_banking.download_minio scheduled__2025-11-07T18:06:00+00:00 [queued]>
[2025-11-07T18:07:03.182+0000] {taskinstance.py:2306} INFO - Starting attempt 1 of 2
[2025-11-07T18:07:03.190+0000] {taskinstance.py:2330} INFO - Executing <Task(PythonOperator): download_minio> on 2025-11-07 18:06:00+00:00
[2025-11-07T18:07:03.198+0000] {standard_task_runner.py:90} INFO - Running: ['***', 'tasks', 'run', 'minio_to_snowflake_banking', 'download_minio', 'scheduled__2025-11-07T18:06:00+00:00', '--job-id', '14', '--raw', '--subdir', 'DAGS_FOLDER/minio_to_snowflake_dag.py', '--cfg-path', '/tmp/tmp5o3q0sw2']
[2025-11-07T18:07:03.201+0000] {logging_mixin.py:188} WARNING - /home/***/.local/lib/python3.12/site-packages/***/task/task_runner/standard_task_runner.py:62 DeprecationWarning: This process (pid=1035) is multi-threaded, use of fork() may lead to deadlocks in the child.
[2025-11-07T18:07:03.201+0000] {standard_task_runner.py:91} INFO - Job 14: Subtask download_minio
[2025-11-07T18:07:03.202+0000] {standard_task_runner.py:64} INFO - Started process 1057 to run task
[2025-11-07T18:07:03.267+0000] {task_command.py:426} INFO - Running <TaskInstance: minio_to_snowflake_banking.download_minio scheduled__2025-11-07T18:06:00+00:00 [running]> on host e2f2320a0cce
[2025-11-07T18:07:03.334+0000] {taskinstance.py:2648} INFO - Exporting env vars: AIRFLOW_CTX_DAG_OWNER='***' AIRFLOW_CTX_DAG_ID='minio_to_snowflake_banking' AIRFLOW_CTX_TASK_ID='download_minio' AIRFLOW_CTX_EXECUTION_DATE='2025-11-07T18:06:00+00:00' AIRFLOW_CTX_TRY_NUMBER='1' AIRFLOW_CTX_DAG_RUN_ID='scheduled__2025-11-07T18:06:00+00:00'
[2025-11-07T18:07:03.336+0000] {taskinstance.py:430} INFO - ::endgroup::
[2025-11-07T18:07:03.621+0000] {logging_mixin.py:188} INFO - Downloaded customers/date=2025-11-07/customers_213947603707.parquet -> /tmp/minio_downloads/customers_213947603707.parquet
[2025-11-07T18:07:03.699+0000] {logging_mixin.py:188} INFO - Downloaded accounts/date=2025-11-07/accounts_213948294129.parquet -> /tmp/minio_downloads/accounts_213948294129.parquet
[2025-11-07T18:07:03.720+0000] {logging_mixin.py:188} INFO - Downloaded accounts/date=2025-11-07/accounts_213948396102.parquet -> /tmp/minio_downloads/accounts_213948396102.parquet
[2025-11-07T18:07:03.788+0000] {logging_mixin.py:188} INFO - Downloaded transactions/date=2025-11-07/transactions_213947756704.parquet -> /tmp/minio_downloads/transactions_213947756704.parquet
[2025-11-07T18:07:03.806+0000] {logging_mixin.py:188} INFO - Downloaded transactions/date=2025-11-07/transactions_213947904458.parquet -> /tmp/minio_downloads/transactions_213947904458.parquet
[2025-11-07T18:07:03.823+0000] {logging_mixin.py:188} INFO - Downloaded transactions/date=2025-11-07/transactions_213948008740.parquet -> /tmp/minio_downloads/transactions_213948008740.parquet
[2025-11-07T18:07:03.842+0000] {logging_mixin.py:188} INFO - Downloaded transactions/date=2025-11-07/transactions_213948108205.parquet -> /tmp/minio_downloads/transactions_213948108205.parquet
[2025-11-07T18:07:03.859+0000] {logging_mixin.py:188} INFO - Downloaded transactions/date=2025-11-07/transactions_213948218065.parquet -> /tmp/minio_downloads/transactions_213948218065.parquet
[2025-11-07T18:07:03.860+0000] {python.py:237} INFO - Done. Returned value was: {'customers': ['/tmp/minio_downloads/customers_213947603707.parquet'], 'accounts': ['/tmp/minio_downloads/accounts_213948294129.parquet', '/tmp/minio_downloads/accounts_213948396102.parquet'], 'transactions': ['/tmp/minio_downloads/transactions_213947756704.parquet', '/tmp/minio_downloads/transactions_213947904458.parquet', '/tmp/minio_downloads/transactions_213948008740.parquet', '/tmp/minio_downloads/transactions_213948108205.parquet', '/tmp/minio_downloads/transactions_213948218065.parquet']}
[2025-11-07T18:07:03.860+0000] {taskinstance.py:441} INFO - ::group::Post task execution logs
[2025-11-07T18:07:03.880+0000] {taskinstance.py:1206} INFO - Marking task as SUCCESS. dag_id=minio_to_snowflake_banking, task_id=download_minio, run_id=scheduled__2025-11-07T18:06:00+00:00, execution_date=20251107T180600, start_date=20251107T180703, end_date=20251107T180703
[2025-11-07T18:07:03.899+0000] {local_task_job_runner.py:243} INFO - Task exited with return code 0
[2025-11-07T18:07:03.914+0000] {taskinstance.py:3503} INFO - 1 downstream tasks scheduled from follow-on schedule check
[2025-11-07T18:07:03.917+0000] {local_task_job_runner.py:222} INFO - ::endgroup::
