[2025-11-08T03:42:49.618+0000] {local_task_job_runner.py:120} INFO - ::group::Pre task execution logs
[2025-11-08T03:42:49.641+0000] {taskinstance.py:2076} INFO - Dependencies all met for dep_context=non-requeueable deps ti=<TaskInstance: SCD2_snapshots.dbt_snapshot scheduled__2025-11-07T00:00:00+00:00 [queued]>
[2025-11-08T03:42:49.650+0000] {taskinstance.py:2076} INFO - Dependencies all met for dep_context=requeueable deps ti=<TaskInstance: SCD2_snapshots.dbt_snapshot scheduled__2025-11-07T00:00:00+00:00 [queued]>
[2025-11-08T03:42:49.655+0000] {taskinstance.py:2306} INFO - Starting attempt 1 of 2
[2025-11-08T03:42:49.666+0000] {taskinstance.py:2330} INFO - Executing <Task(BashOperator): dbt_snapshot> on 2025-11-07 00:00:00+00:00
[2025-11-08T03:42:49.673+0000] {standard_task_runner.py:64} INFO - Started process 7636 to run task
[2025-11-08T03:42:49.675+0000] {standard_task_runner.py:90} INFO - Running: ['***', 'tasks', 'run', 'SCD2_snapshots', 'dbt_snapshot', 'scheduled__2025-11-07T00:00:00+00:00', '--job-id', '175', '--raw', '--subdir', 'DAGS_FOLDER/scd_snapshots.py', '--cfg-path', '/tmp/tmpcc33g60j']
[2025-11-08T03:42:49.682+0000] {standard_task_runner.py:91} INFO - Job 175: Subtask dbt_snapshot
[2025-11-08T03:42:49.769+0000] {task_command.py:426} INFO - Running <TaskInstance: SCD2_snapshots.dbt_snapshot scheduled__2025-11-07T00:00:00+00:00 [running]> on host e2f2320a0cce
[2025-11-08T03:42:49.843+0000] {taskinstance.py:2648} INFO - Exporting env vars: AIRFLOW_CTX_DAG_OWNER='***' AIRFLOW_CTX_DAG_ID='SCD2_snapshots' AIRFLOW_CTX_TASK_ID='dbt_snapshot' AIRFLOW_CTX_EXECUTION_DATE='2025-11-07T00:00:00+00:00' AIRFLOW_CTX_TRY_NUMBER='1' AIRFLOW_CTX_DAG_RUN_ID='scheduled__2025-11-07T00:00:00+00:00'
[2025-11-08T03:42:49.844+0000] {taskinstance.py:430} INFO - ::endgroup::
[2025-11-08T03:42:49.854+0000] {subprocess.py:63} INFO - Tmp dir root location: /tmp
[2025-11-08T03:42:49.856+0000] {subprocess.py:75} INFO - Running command: ['/usr/bin/bash', '-c', 'cd /opt/***/banking_dbt && dbt snapshot --profiles-dir /home/***/.dbt']
[2025-11-08T03:42:49.861+0000] {subprocess.py:86} INFO - Output:
[2025-11-08T03:42:51.700+0000] {subprocess.py:93} INFO - [0m03:42:51  Running with dbt=1.10.13
[2025-11-08T03:42:52.510+0000] {subprocess.py:93} INFO - [0m03:42:52  Registered adapter: snowflake=1.10.3
[2025-11-08T03:42:53.601+0000] {subprocess.py:93} INFO - [0m03:42:53  [[33mWARNING[0m]: Configuration paths exist in your dbt_project.yml file which do not apply to any resources.
[2025-11-08T03:42:53.602+0000] {subprocess.py:93} INFO - There are 1 unused configuration paths:
[2025-11-08T03:42:53.603+0000] {subprocess.py:93} INFO - - models.banking_dbt.example
[2025-11-08T03:42:53.912+0000] {subprocess.py:93} INFO - [0m03:42:53  Found 6 models, 2 snapshots, 3 sources, 496 macros
[2025-11-08T03:42:53.917+0000] {subprocess.py:93} INFO - [0m03:42:53
[2025-11-08T03:42:53.919+0000] {subprocess.py:93} INFO - [0m03:42:53  Concurrency: 4 threads (target='dev')
[2025-11-08T03:42:53.921+0000] {subprocess.py:93} INFO - [0m03:42:53
[2025-11-08T03:42:55.175+0000] {subprocess.py:93} INFO - [0m03:42:55  1 of 2 START snapshot ANALYTICS.accounts_snapshot .............................. [RUN]
[2025-11-08T03:42:55.178+0000] {subprocess.py:93} INFO - [0m03:42:55  2 of 2 START snapshot ANALYTICS.customers_snapshot ............................. [RUN]
[2025-11-08T03:42:57.949+0000] {subprocess.py:93} INFO - [0m03:42:57  1 of 2 OK snapshotted ANALYTICS.accounts_snapshot .............................. [[32mSUCCESS 0[0m in 2.76s]
[2025-11-08T03:42:58.036+0000] {subprocess.py:93} INFO - [0m03:42:58  2 of 2 OK snapshotted ANALYTICS.customers_snapshot ............................. [[32mSUCCESS 0[0m in 2.85s]
[2025-11-08T03:42:58.385+0000] {subprocess.py:93} INFO - [0m03:42:58
[2025-11-08T03:42:58.388+0000] {subprocess.py:93} INFO - [0m03:42:58  Finished running 2 snapshots in 0 hours 0 minutes and 4.46 seconds (4.46s).
[2025-11-08T03:42:58.482+0000] {subprocess.py:93} INFO - [0m03:42:58
[2025-11-08T03:42:58.484+0000] {subprocess.py:93} INFO - [0m03:42:58  [32mCompleted successfully[0m
[2025-11-08T03:42:58.485+0000] {subprocess.py:93} INFO - [0m03:42:58
[2025-11-08T03:42:58.488+0000] {subprocess.py:93} INFO - [0m03:42:58  Done. PASS=2 WARN=0 ERROR=0 SKIP=0 NO-OP=0 TOTAL=2
[2025-11-08T03:43:00.011+0000] {subprocess.py:97} INFO - Command exited with return code 0
[2025-11-08T03:43:00.013+0000] {taskinstance.py:441} INFO - ::group::Post task execution logs
[2025-11-08T03:43:00.036+0000] {taskinstance.py:1206} INFO - Marking task as SUCCESS. dag_id=SCD2_snapshots, task_id=dbt_snapshot, run_id=scheduled__2025-11-07T00:00:00+00:00, execution_date=20251107T000000, start_date=20251108T034249, end_date=20251108T034300
[2025-11-08T03:43:00.055+0000] {local_task_job_runner.py:243} INFO - Task exited with return code 0
[2025-11-08T03:43:00.068+0000] {taskinstance.py:3503} INFO - 0 downstream tasks scheduled from follow-on schedule check
[2025-11-08T03:43:00.070+0000] {local_task_job_runner.py:222} INFO - ::endgroup::
