[2025-11-07T18:11:06.818+0000] {local_task_job_runner.py:120} INFO - ::group::Pre task execution logs
[2025-11-07T18:11:06.843+0000] {taskinstance.py:2076} INFO - Dependencies all met for dep_context=non-requeueable deps ti=<TaskInstance: minio_to_snowflake_banking.load_snowflake scheduled__2025-11-07T18:10:00+00:00 [queued]>
[2025-11-07T18:11:06.850+0000] {taskinstance.py:2076} INFO - Dependencies all met for dep_context=requeueable deps ti=<TaskInstance: minio_to_snowflake_banking.load_snowflake scheduled__2025-11-07T18:10:00+00:00 [queued]>
[2025-11-07T18:11:06.851+0000] {taskinstance.py:2306} INFO - Starting attempt 1 of 2
[2025-11-07T18:11:06.861+0000] {taskinstance.py:2330} INFO - Executing <Task(PythonOperator): load_snowflake> on 2025-11-07 18:10:00+00:00
[2025-11-07T18:11:06.868+0000] {standard_task_runner.py:90} INFO - Running: ['***', 'tasks', 'run', 'minio_to_snowflake_banking', 'load_snowflake', 'scheduled__2025-11-07T18:10:00+00:00', '--job-id', '23', '--raw', '--subdir', 'DAGS_FOLDER/minio_to_snowflake_dag.py', '--cfg-path', '/tmp/tmpx6pkf64w']
[2025-11-07T18:11:06.871+0000] {logging_mixin.py:188} WARNING - /home/***/.local/lib/python3.12/site-packages/***/task/task_runner/standard_task_runner.py:62 DeprecationWarning: This process (pid=1400) is multi-threaded, use of fork() may lead to deadlocks in the child.
[2025-11-07T18:11:06.871+0000] {standard_task_runner.py:91} INFO - Job 23: Subtask load_snowflake
[2025-11-07T18:11:06.872+0000] {standard_task_runner.py:64} INFO - Started process 1422 to run task
[2025-11-07T18:11:06.938+0000] {task_command.py:426} INFO - Running <TaskInstance: minio_to_snowflake_banking.load_snowflake scheduled__2025-11-07T18:10:00+00:00 [running]> on host e2f2320a0cce
[2025-11-07T18:11:07.014+0000] {taskinstance.py:2648} INFO - Exporting env vars: AIRFLOW_CTX_DAG_OWNER='***' AIRFLOW_CTX_DAG_ID='minio_to_snowflake_banking' AIRFLOW_CTX_TASK_ID='load_snowflake' AIRFLOW_CTX_EXECUTION_DATE='2025-11-07T18:10:00+00:00' AIRFLOW_CTX_TRY_NUMBER='1' AIRFLOW_CTX_DAG_RUN_ID='scheduled__2025-11-07T18:10:00+00:00'
[2025-11-07T18:11:07.016+0000] {taskinstance.py:430} INFO - ::endgroup::
[2025-11-07T18:11:07.037+0000] {connection.py:521} INFO - Snowflake Connector for Python Version: 3.18.0, Python Version: 3.12.4, Platform: Linux-6.6.87.1-microsoft-standard-WSL2-x86_64-with-glibc2.36
[2025-11-07T18:11:07.039+0000] {connection.py:1464} INFO - Connecting to GLOBAL Snowflake domain
[2025-11-07T18:11:08.702+0000] {logging_mixin.py:188} INFO - Uploaded /tmp/minio_downloads/customers_213947603707.parquet -> @customers stage
[2025-11-07T18:11:09.078+0000] {logging_mixin.py:188} INFO - Data loaded into customers
[2025-11-07T18:11:09.384+0000] {logging_mixin.py:188} INFO - Uploaded /tmp/minio_downloads/accounts_213948294129.parquet -> @accounts stage
[2025-11-07T18:11:09.658+0000] {logging_mixin.py:188} INFO - Uploaded /tmp/minio_downloads/accounts_213948396102.parquet -> @accounts stage
[2025-11-07T18:11:09.949+0000] {logging_mixin.py:188} INFO - Data loaded into accounts
[2025-11-07T18:11:10.226+0000] {logging_mixin.py:188} INFO - Uploaded /tmp/minio_downloads/transactions_213947756704.parquet -> @transactions stage
[2025-11-07T18:11:10.493+0000] {logging_mixin.py:188} INFO - Uploaded /tmp/minio_downloads/transactions_213947904458.parquet -> @transactions stage
[2025-11-07T18:11:10.763+0000] {logging_mixin.py:188} INFO - Uploaded /tmp/minio_downloads/transactions_213948008740.parquet -> @transactions stage
[2025-11-07T18:11:11.059+0000] {logging_mixin.py:188} INFO - Uploaded /tmp/minio_downloads/transactions_213948108205.parquet -> @transactions stage
[2025-11-07T18:11:11.330+0000] {logging_mixin.py:188} INFO - Uploaded /tmp/minio_downloads/transactions_213948218065.parquet -> @transactions stage
[2025-11-07T18:11:11.665+0000] {logging_mixin.py:188} INFO - Data loaded into transactions
[2025-11-07T18:11:11.833+0000] {python.py:237} INFO - Done. Returned value was: None
[2025-11-07T18:11:11.834+0000] {taskinstance.py:441} INFO - ::group::Post task execution logs
[2025-11-07T18:11:11.844+0000] {taskinstance.py:1206} INFO - Marking task as SUCCESS. dag_id=minio_to_snowflake_banking, task_id=load_snowflake, run_id=scheduled__2025-11-07T18:10:00+00:00, execution_date=20251107T181000, start_date=20251107T181106, end_date=20251107T181111
[2025-11-07T18:11:11.870+0000] {local_task_job_runner.py:243} INFO - Task exited with return code 0
[2025-11-07T18:11:11.883+0000] {taskinstance.py:3503} INFO - 0 downstream tasks scheduled from follow-on schedule check
[2025-11-07T18:11:11.887+0000] {local_task_job_runner.py:222} INFO - ::endgroup::
