[2025-11-08T03:23:06.373+0000] {local_task_job_runner.py:120} INFO - ::group::Pre task execution logs
[2025-11-08T03:23:06.393+0000] {taskinstance.py:2076} INFO - Dependencies all met for dep_context=non-requeueable deps ti=<TaskInstance: minio_to_snowflake_banking.load_snowflake scheduled__2025-11-08T03:22:00+00:00 [queued]>
[2025-11-08T03:23:06.399+0000] {taskinstance.py:2076} INFO - Dependencies all met for dep_context=requeueable deps ti=<TaskInstance: minio_to_snowflake_banking.load_snowflake scheduled__2025-11-08T03:22:00+00:00 [queued]>
[2025-11-08T03:23:06.400+0000] {taskinstance.py:2306} INFO - Starting attempt 1 of 2
[2025-11-08T03:23:06.408+0000] {taskinstance.py:2330} INFO - Executing <Task(PythonOperator): load_snowflake> on 2025-11-08 03:22:00+00:00
[2025-11-08T03:23:06.415+0000] {standard_task_runner.py:90} INFO - Running: ['***', 'tasks', 'run', 'minio_to_snowflake_banking', 'load_snowflake', 'scheduled__2025-11-08T03:22:00+00:00', '--job-id', '135', '--raw', '--subdir', 'DAGS_FOLDER/minio_to_snowflake_dag.py', '--cfg-path', '/tmp/tmp27twhhur']
[2025-11-08T03:23:06.417+0000] {logging_mixin.py:188} WARNING - /home/***/.local/lib/python3.12/site-packages/***/task/task_runner/standard_task_runner.py:62 DeprecationWarning: This process (pid=5941) is multi-threaded, use of fork() may lead to deadlocks in the child.
[2025-11-08T03:23:06.418+0000] {standard_task_runner.py:91} INFO - Job 135: Subtask load_snowflake
[2025-11-08T03:23:06.418+0000] {standard_task_runner.py:64} INFO - Started process 5965 to run task
[2025-11-08T03:23:06.480+0000] {task_command.py:426} INFO - Running <TaskInstance: minio_to_snowflake_banking.load_snowflake scheduled__2025-11-08T03:22:00+00:00 [running]> on host e2f2320a0cce
[2025-11-08T03:23:06.543+0000] {taskinstance.py:2648} INFO - Exporting env vars: AIRFLOW_CTX_DAG_OWNER='***' AIRFLOW_CTX_DAG_ID='minio_to_snowflake_banking' AIRFLOW_CTX_TASK_ID='load_snowflake' AIRFLOW_CTX_EXECUTION_DATE='2025-11-08T03:22:00+00:00' AIRFLOW_CTX_TRY_NUMBER='1' AIRFLOW_CTX_DAG_RUN_ID='scheduled__2025-11-08T03:22:00+00:00'
[2025-11-08T03:23:06.544+0000] {taskinstance.py:430} INFO - ::endgroup::
[2025-11-08T03:23:06.561+0000] {connection.py:521} INFO - Snowflake Connector for Python Version: 3.18.0, Python Version: 3.12.4, Platform: Linux-6.6.87.1-microsoft-standard-WSL2-x86_64-with-glibc2.36
[2025-11-08T03:23:06.562+0000] {connection.py:1464} INFO - Connecting to GLOBAL Snowflake domain
[2025-11-08T03:23:08.204+0000] {logging_mixin.py:188} INFO - Uploaded /tmp/minio_downloads/customers_213947603707.parquet -> @customers stage
[2025-11-08T03:23:08.533+0000] {logging_mixin.py:188} INFO - Data loaded into customers
[2025-11-08T03:23:08.817+0000] {logging_mixin.py:188} INFO - Uploaded /tmp/minio_downloads/accounts_213948294129.parquet -> @accounts stage
[2025-11-08T03:23:09.107+0000] {logging_mixin.py:188} INFO - Uploaded /tmp/minio_downloads/accounts_213948396102.parquet -> @accounts stage
[2025-11-08T03:23:09.402+0000] {logging_mixin.py:188} INFO - Data loaded into accounts
[2025-11-08T03:23:09.698+0000] {logging_mixin.py:188} INFO - Uploaded /tmp/minio_downloads/transactions_213947756704.parquet -> @transactions stage
[2025-11-08T03:23:09.994+0000] {logging_mixin.py:188} INFO - Uploaded /tmp/minio_downloads/transactions_213947904458.parquet -> @transactions stage
[2025-11-08T03:23:10.276+0000] {logging_mixin.py:188} INFO - Uploaded /tmp/minio_downloads/transactions_213948008740.parquet -> @transactions stage
[2025-11-08T03:23:10.564+0000] {logging_mixin.py:188} INFO - Uploaded /tmp/minio_downloads/transactions_213948108205.parquet -> @transactions stage
[2025-11-08T03:23:10.837+0000] {logging_mixin.py:188} INFO - Uploaded /tmp/minio_downloads/transactions_213948218065.parquet -> @transactions stage
[2025-11-08T03:23:11.208+0000] {logging_mixin.py:188} INFO - Data loaded into transactions
[2025-11-08T03:23:11.364+0000] {python.py:237} INFO - Done. Returned value was: None
[2025-11-08T03:23:11.366+0000] {taskinstance.py:441} INFO - ::group::Post task execution logs
[2025-11-08T03:23:11.377+0000] {taskinstance.py:1206} INFO - Marking task as SUCCESS. dag_id=minio_to_snowflake_banking, task_id=load_snowflake, run_id=scheduled__2025-11-08T03:22:00+00:00, execution_date=20251108T032200, start_date=20251108T032306, end_date=20251108T032311
[2025-11-08T03:23:11.424+0000] {local_task_job_runner.py:243} INFO - Task exited with return code 0
[2025-11-08T03:23:11.459+0000] {taskinstance.py:3503} INFO - 0 downstream tasks scheduled from follow-on schedule check
[2025-11-08T03:23:11.476+0000] {local_task_job_runner.py:222} INFO - ::endgroup::
