[2025-11-08T03:50:03.210+0000] {local_task_job_runner.py:120} INFO - ::group::Pre task execution logs
[2025-11-08T03:50:03.230+0000] {taskinstance.py:2076} INFO - Dependencies all met for dep_context=non-requeueable deps ti=<TaskInstance: minio_to_snowflake_banking.download_minio scheduled__2025-11-08T03:49:00+00:00 [queued]>
[2025-11-08T03:50:03.239+0000] {taskinstance.py:2076} INFO - Dependencies all met for dep_context=requeueable deps ti=<TaskInstance: minio_to_snowflake_banking.download_minio scheduled__2025-11-08T03:49:00+00:00 [queued]>
[2025-11-08T03:50:03.240+0000] {taskinstance.py:2306} INFO - Starting attempt 1 of 2
[2025-11-08T03:50:03.249+0000] {taskinstance.py:2330} INFO - Executing <Task(PythonOperator): download_minio> on 2025-11-08 03:49:00+00:00
[2025-11-08T03:50:03.270+0000] {standard_task_runner.py:90} INFO - Running: ['***', 'tasks', 'run', 'minio_to_snowflake_banking', 'download_minio', 'scheduled__2025-11-08T03:49:00+00:00', '--job-id', '190', '--raw', '--subdir', 'DAGS_FOLDER/minio_to_snowflake_dag.py', '--cfg-path', '/tmp/tmp9vgl1frc']
[2025-11-08T03:50:03.272+0000] {logging_mixin.py:188} WARNING - /home/***/.local/lib/python3.12/site-packages/***/task/task_runner/standard_task_runner.py:62 DeprecationWarning: This process (pid=8256) is multi-threaded, use of fork() may lead to deadlocks in the child.
[2025-11-08T03:50:03.273+0000] {standard_task_runner.py:91} INFO - Job 190: Subtask download_minio
[2025-11-08T03:50:03.273+0000] {standard_task_runner.py:64} INFO - Started process 8279 to run task
[2025-11-08T03:50:03.338+0000] {task_command.py:426} INFO - Running <TaskInstance: minio_to_snowflake_banking.download_minio scheduled__2025-11-08T03:49:00+00:00 [running]> on host e2f2320a0cce
[2025-11-08T03:50:03.409+0000] {taskinstance.py:2648} INFO - Exporting env vars: AIRFLOW_CTX_DAG_OWNER='***' AIRFLOW_CTX_DAG_ID='minio_to_snowflake_banking' AIRFLOW_CTX_TASK_ID='download_minio' AIRFLOW_CTX_EXECUTION_DATE='2025-11-08T03:49:00+00:00' AIRFLOW_CTX_TRY_NUMBER='1' AIRFLOW_CTX_DAG_RUN_ID='scheduled__2025-11-08T03:49:00+00:00'
[2025-11-08T03:50:03.410+0000] {taskinstance.py:430} INFO - ::endgroup::
[2025-11-08T03:50:03.769+0000] {logging_mixin.py:188} INFO - Downloaded customers/date=2025-11-07/customers_213947603707.parquet -> /tmp/minio_downloads/customers_213947603707.parquet
[2025-11-08T03:50:03.899+0000] {logging_mixin.py:188} INFO - Downloaded accounts/date=2025-11-07/accounts_213948294129.parquet -> /tmp/minio_downloads/accounts_213948294129.parquet
[2025-11-08T03:50:03.943+0000] {logging_mixin.py:188} INFO - Downloaded accounts/date=2025-11-07/accounts_213948396102.parquet -> /tmp/minio_downloads/accounts_213948396102.parquet
[2025-11-08T03:50:04.042+0000] {logging_mixin.py:188} INFO - Downloaded transactions/date=2025-11-07/transactions_213947756704.parquet -> /tmp/minio_downloads/transactions_213947756704.parquet
[2025-11-08T03:50:04.059+0000] {logging_mixin.py:188} INFO - Downloaded transactions/date=2025-11-07/transactions_213947904458.parquet -> /tmp/minio_downloads/transactions_213947904458.parquet
[2025-11-08T03:50:04.078+0000] {logging_mixin.py:188} INFO - Downloaded transactions/date=2025-11-07/transactions_213948008740.parquet -> /tmp/minio_downloads/transactions_213948008740.parquet
[2025-11-08T03:50:04.093+0000] {logging_mixin.py:188} INFO - Downloaded transactions/date=2025-11-07/transactions_213948108205.parquet -> /tmp/minio_downloads/transactions_213948108205.parquet
[2025-11-08T03:50:04.115+0000] {logging_mixin.py:188} INFO - Downloaded transactions/date=2025-11-07/transactions_213948218065.parquet -> /tmp/minio_downloads/transactions_213948218065.parquet
[2025-11-08T03:50:04.129+0000] {python.py:237} INFO - Done. Returned value was: {'customers': ['/tmp/minio_downloads/customers_213947603707.parquet'], 'accounts': ['/tmp/minio_downloads/accounts_213948294129.parquet', '/tmp/minio_downloads/accounts_213948396102.parquet'], 'transactions': ['/tmp/minio_downloads/transactions_213947756704.parquet', '/tmp/minio_downloads/transactions_213947904458.parquet', '/tmp/minio_downloads/transactions_213948008740.parquet', '/tmp/minio_downloads/transactions_213948108205.parquet', '/tmp/minio_downloads/transactions_213948218065.parquet']}
[2025-11-08T03:50:04.131+0000] {taskinstance.py:441} INFO - ::group::Post task execution logs
[2025-11-08T03:50:04.151+0000] {taskinstance.py:1206} INFO - Marking task as SUCCESS. dag_id=minio_to_snowflake_banking, task_id=download_minio, run_id=scheduled__2025-11-08T03:49:00+00:00, execution_date=20251108T034900, start_date=20251108T035003, end_date=20251108T035004
[2025-11-08T03:50:04.170+0000] {local_task_job_runner.py:243} INFO - Task exited with return code 0
[2025-11-08T03:50:04.186+0000] {taskinstance.py:3503} INFO - 1 downstream tasks scheduled from follow-on schedule check
[2025-11-08T03:50:04.189+0000] {local_task_job_runner.py:222} INFO - ::endgroup::
