[2025-11-08T03:09:06.585+0000] {local_task_job_runner.py:120} INFO - ::group::Pre task execution logs
[2025-11-08T03:09:06.605+0000] {taskinstance.py:2076} INFO - Dependencies all met for dep_context=non-requeueable deps ti=<TaskInstance: minio_to_snowflake_banking.load_snowflake scheduled__2025-11-08T03:08:00+00:00 [queued]>
[2025-11-08T03:09:06.611+0000] {taskinstance.py:2076} INFO - Dependencies all met for dep_context=requeueable deps ti=<TaskInstance: minio_to_snowflake_banking.load_snowflake scheduled__2025-11-08T03:08:00+00:00 [queued]>
[2025-11-08T03:09:06.612+0000] {taskinstance.py:2306} INFO - Starting attempt 1 of 2
[2025-11-08T03:09:06.620+0000] {taskinstance.py:2330} INFO - Executing <Task(PythonOperator): load_snowflake> on 2025-11-08 03:08:00+00:00
[2025-11-08T03:09:06.630+0000] {logging_mixin.py:188} WARNING - /home/***/.local/lib/python3.12/site-packages/***/task/task_runner/standard_task_runner.py:62 DeprecationWarning: This process (pid=4800) is multi-threaded, use of fork() may lead to deadlocks in the child.
[2025-11-08T03:09:06.627+0000] {standard_task_runner.py:90} INFO - Running: ['***', 'tasks', 'run', 'minio_to_snowflake_banking', 'load_snowflake', 'scheduled__2025-11-08T03:08:00+00:00', '--job-id', '107', '--raw', '--subdir', 'DAGS_FOLDER/minio_to_snowflake_dag.py', '--cfg-path', '/tmp/tmp90qlydj3']
[2025-11-08T03:09:06.631+0000] {standard_task_runner.py:64} INFO - Started process 4822 to run task
[2025-11-08T03:09:06.632+0000] {standard_task_runner.py:91} INFO - Job 107: Subtask load_snowflake
[2025-11-08T03:09:06.696+0000] {task_command.py:426} INFO - Running <TaskInstance: minio_to_snowflake_banking.load_snowflake scheduled__2025-11-08T03:08:00+00:00 [running]> on host e2f2320a0cce
[2025-11-08T03:09:06.767+0000] {taskinstance.py:2648} INFO - Exporting env vars: AIRFLOW_CTX_DAG_OWNER='***' AIRFLOW_CTX_DAG_ID='minio_to_snowflake_banking' AIRFLOW_CTX_TASK_ID='load_snowflake' AIRFLOW_CTX_EXECUTION_DATE='2025-11-08T03:08:00+00:00' AIRFLOW_CTX_TRY_NUMBER='1' AIRFLOW_CTX_DAG_RUN_ID='scheduled__2025-11-08T03:08:00+00:00'
[2025-11-08T03:09:06.769+0000] {taskinstance.py:430} INFO - ::endgroup::
[2025-11-08T03:09:06.788+0000] {connection.py:521} INFO - Snowflake Connector for Python Version: 3.18.0, Python Version: 3.12.4, Platform: Linux-6.6.87.1-microsoft-standard-WSL2-x86_64-with-glibc2.36
[2025-11-08T03:09:06.790+0000] {connection.py:1464} INFO - Connecting to GLOBAL Snowflake domain
[2025-11-08T03:09:08.818+0000] {logging_mixin.py:188} INFO - Uploaded /tmp/minio_downloads/customers_213947603707.parquet -> @customers stage
[2025-11-08T03:09:09.088+0000] {logging_mixin.py:188} INFO - Data loaded into customers
[2025-11-08T03:09:09.414+0000] {logging_mixin.py:188} INFO - Uploaded /tmp/minio_downloads/accounts_213948294129.parquet -> @accounts stage
[2025-11-08T03:09:09.711+0000] {logging_mixin.py:188} INFO - Uploaded /tmp/minio_downloads/accounts_213948396102.parquet -> @accounts stage
[2025-11-08T03:09:10.040+0000] {logging_mixin.py:188} INFO - Data loaded into accounts
[2025-11-08T03:09:10.359+0000] {logging_mixin.py:188} INFO - Uploaded /tmp/minio_downloads/transactions_213947756704.parquet -> @transactions stage
[2025-11-08T03:09:10.661+0000] {logging_mixin.py:188} INFO - Uploaded /tmp/minio_downloads/transactions_213947904458.parquet -> @transactions stage
[2025-11-08T03:09:10.979+0000] {logging_mixin.py:188} INFO - Uploaded /tmp/minio_downloads/transactions_213948008740.parquet -> @transactions stage
[2025-11-08T03:09:11.275+0000] {logging_mixin.py:188} INFO - Uploaded /tmp/minio_downloads/transactions_213948108205.parquet -> @transactions stage
[2025-11-08T03:09:11.572+0000] {logging_mixin.py:188} INFO - Uploaded /tmp/minio_downloads/transactions_213948218065.parquet -> @transactions stage
[2025-11-08T03:09:11.897+0000] {logging_mixin.py:188} INFO - Data loaded into transactions
[2025-11-08T03:09:12.079+0000] {python.py:237} INFO - Done. Returned value was: None
[2025-11-08T03:09:12.080+0000] {taskinstance.py:441} INFO - ::group::Post task execution logs
[2025-11-08T03:09:12.087+0000] {taskinstance.py:1206} INFO - Marking task as SUCCESS. dag_id=minio_to_snowflake_banking, task_id=load_snowflake, run_id=scheduled__2025-11-08T03:08:00+00:00, execution_date=20251108T030800, start_date=20251108T030906, end_date=20251108T030912
[2025-11-08T03:09:12.109+0000] {local_task_job_runner.py:243} INFO - Task exited with return code 0
[2025-11-08T03:09:12.120+0000] {taskinstance.py:3503} INFO - 0 downstream tasks scheduled from follow-on schedule check
[2025-11-08T03:09:12.122+0000] {local_task_job_runner.py:222} INFO - ::endgroup::
