[2025-11-07T18:02:06.617+0000] {local_task_job_runner.py:120} INFO - ::group::Pre task execution logs
[2025-11-07T18:02:06.638+0000] {taskinstance.py:2076} INFO - Dependencies all met for dep_context=non-requeueable deps ti=<TaskInstance: minio_to_snowflake_banking.load_snowflake scheduled__2025-11-07T18:01:00+00:00 [queued]>
[2025-11-07T18:02:06.645+0000] {taskinstance.py:2076} INFO - Dependencies all met for dep_context=requeueable deps ti=<TaskInstance: minio_to_snowflake_banking.load_snowflake scheduled__2025-11-07T18:01:00+00:00 [queued]>
[2025-11-07T18:02:06.646+0000] {taskinstance.py:2306} INFO - Starting attempt 1 of 2
[2025-11-07T18:02:06.656+0000] {taskinstance.py:2330} INFO - Executing <Task(PythonOperator): load_snowflake> on 2025-11-07 18:01:00+00:00
[2025-11-07T18:02:06.664+0000] {standard_task_runner.py:90} INFO - Running: ['***', 'tasks', 'run', 'minio_to_snowflake_banking', 'load_snowflake', 'scheduled__2025-11-07T18:01:00+00:00', '--job-id', '5', '--raw', '--subdir', 'DAGS_FOLDER/minio_to_snowflake_dag.py', '--cfg-path', '/tmp/tmpwn2g_kzb']
[2025-11-07T18:02:06.666+0000] {logging_mixin.py:188} WARNING - /home/***/.local/lib/python3.12/site-packages/***/task/task_runner/standard_task_runner.py:62 DeprecationWarning: This process (pid=664) is multi-threaded, use of fork() may lead to deadlocks in the child.
[2025-11-07T18:02:06.667+0000] {standard_task_runner.py:91} INFO - Job 5: Subtask load_snowflake
[2025-11-07T18:02:06.668+0000] {standard_task_runner.py:64} INFO - Started process 686 to run task
[2025-11-07T18:02:06.738+0000] {task_command.py:426} INFO - Running <TaskInstance: minio_to_snowflake_banking.load_snowflake scheduled__2025-11-07T18:01:00+00:00 [running]> on host e2f2320a0cce
[2025-11-07T18:02:06.812+0000] {taskinstance.py:2648} INFO - Exporting env vars: AIRFLOW_CTX_DAG_OWNER='***' AIRFLOW_CTX_DAG_ID='minio_to_snowflake_banking' AIRFLOW_CTX_TASK_ID='load_snowflake' AIRFLOW_CTX_EXECUTION_DATE='2025-11-07T18:01:00+00:00' AIRFLOW_CTX_TRY_NUMBER='1' AIRFLOW_CTX_DAG_RUN_ID='scheduled__2025-11-07T18:01:00+00:00'
[2025-11-07T18:02:06.814+0000] {taskinstance.py:430} INFO - ::endgroup::
[2025-11-07T18:02:06.834+0000] {connection.py:521} INFO - Snowflake Connector for Python Version: 3.18.0, Python Version: 3.12.4, Platform: Linux-6.6.87.1-microsoft-standard-WSL2-x86_64-with-glibc2.36
[2025-11-07T18:02:06.836+0000] {connection.py:1464} INFO - Connecting to GLOBAL Snowflake domain
[2025-11-07T18:02:08.396+0000] {logging_mixin.py:188} INFO - Uploaded /tmp/minio_downloads/customers_213947603707.parquet -> @customers stage
[2025-11-07T18:02:08.764+0000] {logging_mixin.py:188} INFO - Data loaded into customers
[2025-11-07T18:02:09.060+0000] {logging_mixin.py:188} INFO - Uploaded /tmp/minio_downloads/accounts_213948294129.parquet -> @accounts stage
[2025-11-07T18:02:09.317+0000] {logging_mixin.py:188} INFO - Uploaded /tmp/minio_downloads/accounts_213948396102.parquet -> @accounts stage
[2025-11-07T18:02:09.649+0000] {logging_mixin.py:188} INFO - Data loaded into accounts
[2025-11-07T18:02:09.944+0000] {logging_mixin.py:188} INFO - Uploaded /tmp/minio_downloads/transactions_213947756704.parquet -> @transactions stage
[2025-11-07T18:02:10.189+0000] {logging_mixin.py:188} INFO - Uploaded /tmp/minio_downloads/transactions_213947904458.parquet -> @transactions stage
[2025-11-07T18:02:10.454+0000] {logging_mixin.py:188} INFO - Uploaded /tmp/minio_downloads/transactions_213948008740.parquet -> @transactions stage
[2025-11-07T18:02:10.768+0000] {logging_mixin.py:188} INFO - Uploaded /tmp/minio_downloads/transactions_213948108205.parquet -> @transactions stage
[2025-11-07T18:02:11.228+0000] {logging_mixin.py:188} INFO - Uploaded /tmp/minio_downloads/transactions_213948218065.parquet -> @transactions stage
[2025-11-07T18:02:11.548+0000] {logging_mixin.py:188} INFO - Data loaded into transactions
[2025-11-07T18:02:11.724+0000] {python.py:237} INFO - Done. Returned value was: None
[2025-11-07T18:02:11.727+0000] {taskinstance.py:441} INFO - ::group::Post task execution logs
[2025-11-07T18:02:11.747+0000] {taskinstance.py:1206} INFO - Marking task as SUCCESS. dag_id=minio_to_snowflake_banking, task_id=load_snowflake, run_id=scheduled__2025-11-07T18:01:00+00:00, execution_date=20251107T180100, start_date=20251107T180206, end_date=20251107T180211
[2025-11-07T18:02:11.786+0000] {local_task_job_runner.py:243} INFO - Task exited with return code 0
[2025-11-07T18:02:11.797+0000] {taskinstance.py:3503} INFO - 0 downstream tasks scheduled from follow-on schedule check
[2025-11-07T18:02:11.800+0000] {local_task_job_runner.py:222} INFO - ::endgroup::
